[DEBUG] 2024-10-23 14:36:48.619 [main] logging - Logging Provider: org.jboss.logging.Log4j2LoggerProvider
[INFO ] 2024-10-23 14:36:48.690 [main] LogHelper - HHH000204: Processing PersistenceUnitInfo [name: MySQL]
[INFO ] 2024-10-23 14:36:48.720 [main] Version - HHH000412: Hibernate ORM core version 6.6.1.Final
[INFO ] 2024-10-23 14:36:48.743 [main] RegionFactoryInitiator - HHH000026: Second-level cache disabled
[WARN ] 2024-10-23 14:36:48.876 [main] pooling - HHH10001002: Using built-in connection pool (not intended for production use)
[INFO ] 2024-10-23 14:36:49.276 [main] pooling - HHH10001005: Database info:
	Database JDBC URL [jdbc:mysql://localhost:3306/jpa-demo]
	Database driver: com.mysql.cj.jdbc.Driver
	Database version: 9.0.1
	Autocommit mode: false
	Isolation level: undefined/unknown
	Minimum pool size: 1
	Maximum pool size: 20
[INFO ] 2024-10-23 14:36:49.993 [main] JtaPlatformInitiator - HHH000489: No JTA platform available (set 'hibernate.transaction.jta.platform' to enable JTA platform integration)
[INFO ] 2024-10-23 14:36:50.376 [main] access - HHH10001501: Connection obtained from JdbcConnectionAccess [org.hibernate.engine.jdbc.env.internal.JdbcEnvironmentInitiator$ConnectionProviderJdbcConnectionAccess@1e3566e] for (non-JTA) DDL execution was not in auto-commit mode; the Connection 'local transaction' will be committed and the Connection will be set into auto-commit mode.
[INFO ] 2024-10-23 14:36:50.463 [main] access - HHH10001501: Connection obtained from JdbcConnectionAccess [org.hibernate.engine.jdbc.env.internal.JdbcEnvironmentInitiator$ConnectionProviderJdbcConnectionAccess@4ea48b2e] for (non-JTA) DDL execution was not in auto-commit mode; the Connection 'local transaction' will be committed and the Connection will be set into auto-commit mode.
[DEBUG] 2024-10-23 14:36:50.746 [main] App - p1=Person(id=1, name=Bram, age=45)
[ERROR] 2024-10-23 14:36:50.747 [main] App - ERROR
[WARN ] 2024-10-23 14:36:50.747 [main] App - WARN
[INFO ] 2024-10-23 14:36:50.747 [main] App - INFO
[DEBUG] 2024-10-23 14:36:50.747 [main] App - DEBUG
